<?xml version="1.0" encoding="UTF-8"?>
<!-- Generated by org.testng.reporters.JUnitReportReporter -->
<testsuite skipped="0" hostname="PRINHYLTPHP0038" name="TestExample" tests="6" failures="0" timestamp="2020-01-09T11:20:48 IST" time="9.277" errors="0">
  <testcase name="addCity" time="1.861" classname="TestExample"/>
  <testcase name="addSecondCity" time="2.132" classname="TestExample"/>
  <testcase name="swapCities" time="1.348" classname="TestExample"/>
  <testcase name="deleteCity" time="1.443" classname="TestExample"/>
  <testcase name="newPage" time="2.333" classname="TestExample"/>
  <testcase name="closeBrowser" time="0.160" classname="TestExample"/>
</testsuite> <!-- TestExample -->
